<?xml version="1.0" encoding="UTF-8"?>
<!-- Generated by org.testng.reporters.JUnitReportReporter -->
<testsuite hostname="LAPTOP-VRAFTVET" failures="0" tests="4" name="Axis.AXIS.Grouping" time="0.010" errors="0" timestamp="2024-02-29T00:05:35 IST" skipped="0">
  <testcase classname="Axis.AXIS.Grouping" name="Payment" time="0.001"/>
  <testcase classname="Axis.AXIS.Grouping" name="Products" time="0.001"/>
  <testcase classname="Axis.AXIS.Grouping" name="AddTocart" time="0.007"/>
  <testcase classname="Axis.AXIS.Grouping" name="login" time="0.001"/>
</testsuite> <!-- Axis.AXIS.Grouping -->
