<?xml version="1.0" encoding="UTF-8"?>
<!-- Generated by org.testng.reporters.JUnitReportReporter -->
<testsuite hostname="LAPTOP-VRAFTVET" failures="0" tests="2" name="Axis.AXIS.ParallelTesting" time="9.962" errors="0" timestamp="2024-02-27T00:18:41 IST" skipped="0">
  <testcase classname="Axis.AXIS.ParallelTesting" name="invokeChrome" time="5.043"/>
  <testcase classname="Axis.AXIS.ParallelTesting" name="invokeEdge" time="4.919"/>
</testsuite> <!-- Axis.AXIS.ParallelTesting -->
