<?xml version="1.0" encoding="UTF-8"?>
<!-- Generated by org.testng.reporters.JUnitReportReporter -->
<testsuite hostname="LAPTOP-VRAFTVET" failures="0" tests="1" name="Axis.AXIS.ListenerTestClass" time="21.468" errors="0" timestamp="2024-02-27T11:39:29 IST" skipped="0">
  <testcase classname="Axis.AXIS.ListenerTestClass" name="invokechrome" time="21.468"/>
</testsuite> <!-- Axis.AXIS.ListenerTestClass -->
