<?xml version="1.0" encoding="UTF-8"?>
<!-- Generated by org.testng.reporters.JUnitReportReporter -->
<testsuite hostname="LAPTOP-VRAFTVET" failures="0" tests="3" name="Axis.AXIS.Priority" time="0.015" errors="0" timestamp="2024-02-29T00:24:34 IST" skipped="0">
  <testcase classname="Axis.AXIS.Priority" name="testcase1" time="0.007"/>
  <testcase classname="Axis.AXIS.Priority" name="testcase2" time="0.007"/>
  <testcase classname="Axis.AXIS.Priority" name="testcase3" time="0.001"/>
</testsuite> <!-- Axis.AXIS.Priority -->
