<?xml version="1.0" encoding="UTF-8"?>
<!-- Generated by org.testng.reporters.JUnitReportReporter -->
<testsuite hostname="LAPTOP-VRAFTVET" failures="0" tests="1" name="Axis.AXIS.NewTest" time="0.009" errors="0" timestamp="2024-02-26T23:12:19 IST" skipped="0">
  <testcase classname="Axis.AXIS.NewTest" name="testcase1testng" time="0.009"/>
</testsuite> <!-- Axis.AXIS.NewTest -->
