<?xml version="1.0" encoding="UTF-8"?>
<!-- Generated by org.testng.reporters.JUnitReportReporter -->
<testsuite hostname="LAPTOP-VRAFTVET" failures="0" tests="1" name="Axis.AXIS.Parameterized" time="4.666" errors="0" timestamp="2024-02-29T23:10:11 IST" skipped="0">
  <testcase classname="Axis.AXIS.Parameterized" name="parameterizedtest" time="4.666"/>
</testsuite> <!-- Axis.AXIS.Parameterized -->
