<?xml version="1.0" encoding="UTF-8"?>
<!-- Generated by org.testng.reporters.JUnitReportReporter -->
<testsuite hostname="LAPTOP-VRAFTVET" failures="0" tests="1" name="Axis.AXIS.Testclass" time="0.009" errors="0" timestamp="2024-02-29T00:26:05 IST" skipped="0">
  <testcase classname="Axis.AXIS.Testclass" name="test" time="0.009"/>
</testsuite> <!-- Axis.AXIS.Testclass -->
