<?xml version="1.0" encoding="UTF-8"?>
<!-- Generated by org.testng.reporters.JUnitReportReporter -->
<testsuite hostname="LAPTOP-VRAFTVET" failures="0" tests="1" name="Axis.AXIS.InvokeFirefox" time="9.458" errors="0" timestamp="2024-02-26T23:48:06 IST" skipped="0">
  <testcase classname="Axis.AXIS.InvokeFirefox" name="firefox" time="9.458"/>
</testsuite> <!-- Axis.AXIS.InvokeFirefox -->
