<?xml version="1.0" encoding="UTF-8"?>
<!-- Generated by org.testng.reporters.JUnitReportReporter -->
<testsuite hostname="LAPTOP-VRAFTVET" failures="0" tests="1" name="Axis.AXIS.NewTest" time="0.011" errors="0" timestamp="2024-02-29T00:22:54 IST" skipped="0">
  <testcase classname="Axis.AXIS.NewTest" name="testcase1testng" time="0.011"/>
</testsuite> <!-- Axis.AXIS.NewTest -->
