<?xml version="1.0" encoding="UTF-8"?>
<!-- Generated by org.testng.reporters.JUnitReportReporter -->
<testsuite hostname="LAPTOP-VRAFTVET" failures="0" tests="3" name="Axis.AXIS.DependsOnMethodeg" time="0.011" errors="0" timestamp="2024-02-27T00:29:45 IST" skipped="0">
  <testcase classname="Axis.AXIS.DependsOnMethodeg" name="testcase2" time="0.000"/>
  <testcase classname="Axis.AXIS.DependsOnMethodeg" name="testcase1" time="0.010"/>
  <testcase classname="Axis.AXIS.DependsOnMethodeg" name="testcase3" time="0.001"/>
</testsuite> <!-- Axis.AXIS.DependsOnMethodeg -->
