<?xml version="1.0" encoding="UTF-8"?>
<!-- Generated by org.testng.reporters.JUnitReportReporter -->
<testsuite hostname="LAPTOP-VRAFTVET" failures="0" tests="1" name="Axis.AXIS.SoftAssertEg" time="10.319" errors="0" timestamp="2024-02-27T00:46:31 IST" skipped="0">
  <testcase classname="Axis.AXIS.SoftAssertEg" name="testsoftassert" time="10.319"/>
</testsuite> <!-- Axis.AXIS.SoftAssertEg -->
