<?xml version="1.0" encoding="UTF-8"?>
<!-- Generated by org.testng.reporters.JUnitReportReporter -->
<testsuite hostname="LAPTOP-VRAFTVET" failures="0" tests="1" name="Axis.AXIS.InvokeChrome" time="3.494" errors="0" timestamp="2024-02-29T00:08:11 IST" skipped="0">
  <testcase classname="Axis.AXIS.InvokeChrome" name="chrome" time="3.494"/>
</testsuite> <!-- Axis.AXIS.InvokeChrome -->
