<?xml version="1.0" encoding="UTF-8"?>
<!-- Generated by org.testng.reporters.JUnitReportReporter -->
<testsuite hostname="LAPTOP-VRAFTVET" failures="0" tests="4" name="Axis.AXIS.Grouping" time="0.013" errors="0" timestamp="2024-02-27T00:53:55 IST" skipped="0">
  <testcase classname="Axis.AXIS.Grouping" name="Payment" time="0.000"/>
  <testcase classname="Axis.AXIS.Grouping" name="Products" time="0.001"/>
  <testcase classname="Axis.AXIS.Grouping" name="AddTocart" time="0.012"/>
  <testcase classname="Axis.AXIS.Grouping" name="login" time="0.000"/>
</testsuite> <!-- Axis.AXIS.Grouping -->
