<?xml version="1.0" encoding="UTF-8"?>
<!-- Generated by org.testng.reporters.JUnitReportReporter -->
<testsuite hostname="LAPTOP-VRAFTVET" failures="0" tests="2" name="Axis.AXIS.ParallelTesting" time="10.681" errors="0" timestamp="2024-02-29T00:43:13 IST" skipped="0">
  <testcase classname="Axis.AXIS.ParallelTesting" name="invokeEdge" time="5.469"/>
  <testcase classname="Axis.AXIS.ParallelTesting" name="invokeChrome" time="5.212"/>
</testsuite> <!-- Axis.AXIS.ParallelTesting -->
