<?xml version="1.0" encoding="UTF-8"?>
<!-- Generated by org.testng.reporters.JUnitReportReporter -->
<testsuite hostname="LAPTOP-VRAFTVET" failures="0" tests="3" name="Axis.AXIS.Priority" time="0.014" errors="0" timestamp="2024-02-26T23:37:16 IST" skipped="0">
  <testcase classname="Axis.AXIS.Priority" name="testcase1" time="0.011"/>
  <testcase classname="Axis.AXIS.Priority" name="testcase2" time="0.001"/>
  <testcase classname="Axis.AXIS.Priority" name="testcase3" time="0.002"/>
</testsuite> <!-- Axis.AXIS.Priority -->
