<?xml version="1.0" encoding="UTF-8"?>
<!-- Generated by org.testng.reporters.JUnitReportReporter -->
<testsuite hostname="LAPTOP-VRAFTVET" failures="0" tests="1" name="Axis.AXIS.InvokeEdge" time="5.394" errors="0" timestamp="2024-02-26T22:44:31 IST" skipped="0">
  <testcase classname="Axis.AXIS.InvokeEdge" name="edge" time="5.394"/>
</testsuite> <!-- Axis.AXIS.InvokeEdge -->
