<?xml version="1.0" encoding="UTF-8"?>
<!-- Generated by org.testng.reporters.JUnitReportReporter -->
<testsuite hostname="LAPTOP-VRAFTVET" failures="0" tests="4" name="Axis.AXIS.AnnotationsEg" time="0.018" errors="0" timestamp="2024-02-29T00:00:26 IST" skipped="0">
  <testcase classname="Axis.AXIS.AnnotationsEg" name="testcase2" time="0.003"/>
  <testcase classname="Axis.AXIS.AnnotationsEg" name="testcase1" time="0.007"/>
  <testcase classname="Axis.AXIS.AnnotationsEg" name="testcase3" time="0.004"/>
  <testcase classname="Axis.AXIS.AnnotationsEg" name="testcase4" time="0.004"/>
</testsuite> <!-- Axis.AXIS.AnnotationsEg -->
