<?xml version="1.0" encoding="UTF-8"?>
<!-- Generated by org.testng.reporters.JUnitReportReporter -->
<testsuite hostname="LAPTOP-VRAFTVET" failures="0" tests="3" name="Axis.AXIS.DependsOnMethodeg" time="0.016" errors="0" timestamp="2024-02-29T00:32:11 IST" skipped="0">
  <testcase classname="Axis.AXIS.DependsOnMethodeg" name="testcase2" time="0.002"/>
  <testcase classname="Axis.AXIS.DependsOnMethodeg" name="testcase3" time="0.001"/>
  <testcase classname="Axis.AXIS.DependsOnMethodeg" name="testcase1" time="0.013"/>
</testsuite> <!-- Axis.AXIS.DependsOnMethodeg -->
