<?xml version="1.0" encoding="UTF-8"?>
<!-- Generated by org.testng.reporters.JUnitReportReporter -->
<testsuite hostname="LAPTOP-VRAFTVET" failures="0" tests="1" name="Axis.AXIS.ListenerTestClass" time="3.536" errors="0" timestamp="2024-02-29T00:22:21 IST" skipped="0">
  <testcase classname="Axis.AXIS.ListenerTestClass" name="invokechrome" time="3.536"/>
</testsuite> <!-- Axis.AXIS.ListenerTestClass -->
