<?xml version="1.0" encoding="UTF-8"?>
<!-- Generated by org.testng.reporters.JUnitReportReporter -->
<testsuite hostname="LAPTOP-VRAFTVET" failures="0" tests="3" name="Axis.AXIS.EnableOption" time="0.011" errors="0" timestamp="2024-02-26T22:58:45 IST" skipped="1">
  <testcase classname="Axis.AXIS.EnableOption" name="testcase3" time="0.003"/>
  <testcase classname="Axis.AXIS.EnableOption" name="testcase2" time="0.008"/>
  <testcase classname="Axis.AXIS.EnableOption" name="testcase1">
    <skipped/>
  </testcase> <!-- testcase1 -->
</testsuite> <!-- Axis.AXIS.EnableOption -->
