<?xml version="1.0" encoding="UTF-8"?>
<!-- Generated by org.testng.reporters.JUnitReportReporter -->
<testsuite hostname="LAPTOP-VRAFTVET" failures="0" tests="3" name="Axis.AXIS.EnableFalse" time="0.011" errors="0" timestamp="2024-02-29T00:04:47 IST" skipped="1">
  <testcase classname="Axis.AXIS.EnableFalse" name="testcase3" time="0.001"/>
  <testcase classname="Axis.AXIS.EnableFalse" name="testcase2" time="0.010"/>
  <testcase classname="Axis.AXIS.EnableFalse" name="testcase1">
    <skipped/>
  </testcase> <!-- testcase1 -->
</testsuite> <!-- Axis.AXIS.EnableFalse -->
