<?xml version="1.0" encoding="UTF-8"?>
<!-- Generated by org.testng.reporters.JUnitReportReporter -->
<testsuite hostname="LAPTOP-VRAFTVET" failures="0" tests="1" name="Axis.AXIS.SoftAssertEg" time="7.227" errors="0" timestamp="2024-02-29T00:37:48 IST" skipped="0">
  <testcase classname="Axis.AXIS.SoftAssertEg" name="testsoftassert" time="7.227"/>
</testsuite> <!-- Axis.AXIS.SoftAssertEg -->
