<?xml version="1.0" encoding="UTF-8"?>
<!-- Generated by org.testng.reporters.JUnitReportReporter -->
<testsuite hostname="LAPTOP-VRAFTVET" failures="0" tests="1" name="Axis.AXIS.InvokeEdge" time="4.955" errors="0" timestamp="2024-02-29T22:24:22 IST" skipped="0">
  <testcase classname="Axis.AXIS.InvokeEdge" name="edge" time="4.955"/>
</testsuite> <!-- Axis.AXIS.InvokeEdge -->
