<?xml version="1.0" encoding="UTF-8"?>
<!-- Generated by org.testng.reporters.JUnitReportReporter -->
<testsuite hostname="LAPTOP-VRAFTVET" failures="0" tests="1" name="Axis.AXIS.ListenerTestClass" time="4.058" errors="0" timestamp="2024-02-28T12:00:39 IST" skipped="0">
  <testcase classname="Axis.AXIS.ListenerTestClass" name="invokechrome" time="4.058"/>
  <system-out/>
</testsuite> <!-- Axis.AXIS.ListenerTestClass -->
