<?xml version="1.0" encoding="UTF-8"?>
<!-- Generated by org.testng.reporters.JUnitReportReporter -->
<testsuite hostname="LAPTOP-VRAFTVET" failures="0" tests="1" name="Axis.AXIS.InvokeChrome" time="3.624" errors="0" timestamp="2024-02-28T12:00:39 IST" skipped="0">
  <testcase classname="Axis.AXIS.InvokeChrome" name="chrome" time="3.624"/>
  <system-out/>
</testsuite> <!-- Axis.AXIS.InvokeChrome -->
